#
# There is insufficient memory for the Java Runtime Environment to continue.
# Native memory allocation (mmap) failed to map 134217728 bytes for Failed to commit area from 0x00000000e0000000 to 0x00000000e8000000 of length 134217728.
# Possible reasons:
#   The system is out of physical RAM or swap space
#   The process is running with CompressedOops enabled, and the Java Heap may be blocking the growth of the native heap
# Possible solutions:
#   Reduce memory load on the system
#   Increase physical memory or swap space
#   Check if swap backing store is full
#   Decrease Java heap size (-Xmx/-Xms)
#   Decrease number of Java threads
#   Decrease Java thread stack sizes (-Xss)
#   Set larger code cache with -XX:ReservedCodeCacheSize=
# This output file may be truncated or incomplete.
#
#  Out of Memory Error (./open/src/hotspot/os/windows/os_windows.cpp:3275), pid=20804, tid=19320
#
# JRE version:  (11.0.8+10) (build )
# Java VM: Java HotSpot(TM) 64-Bit Server VM (11.0.8+10-LTS, mixed mode, sharing, tiered, compressed oops, g1 gc, windows-amd64)
# No core dump will be written. Minidumps are not enabled by default on client versions of Windows
#

---------------  S U M M A R Y ------------

Command Line: -Dorg.gradle.native=false -Xmx512m -Dfile.encoding=x-windows-949 -Duser.country=KR -Duser.language=ko -Duser.variant -ea worker.org.gradle.process.internal.worker.GradleWorkerMain 'Gradle Test Executor 2'

Host: Intel(R) Core(TM) i5-6200U CPU @ 2.30GHz, 4 cores, 7G,  Windows 10 , 64 bit Build 18362 (10.0.18362.329)
Time: Tue Nov 24 15:43:02 2020 ¢¥eCN©öI¡¾©ö C¡ÍA¨ª¨öA elapsed time: 0 seconds (0d 0h 0m 0s)

---------------  T H R E A D  ---------------

Current thread (0x0000023b6e713800):  JavaThread "Unknown thread" [_thread_in_vm, id=19320, stack(0x000000b14a100000,0x000000b14a200000)]

Stack: [0x000000b14a100000,0x000000b14a200000]
Native frames: (J=compiled Java code, j=interpreted, Vv=VM code, C=native code)
V  [jvm.dll+0x601aea]
V  [jvm.dll+0x737fef]
V  [jvm.dll+0x739675]
V  [jvm.dll+0x739cf3]
V  [jvm.dll+0x242848]
V  [jvm.dll+0x5fef8a]
V  [jvm.dll+0x5f3eb5]
V  [jvm.dll+0x2f651c]
V  [jvm.dll+0x2f63a2]
V  [jvm.dll+0x2fb056]
V  [jvm.dll+0x33ce9f]
V  [jvm.dll+0x33c8d0]
V  [jvm.dll+0x2d4768]
V  [jvm.dll+0x2d58c6]
V  [jvm.dll+0x713e67]
V  [jvm.dll+0x71570f]
V  [jvm.dll+0x349c19]
V  [jvm.dll+0x6f97f0]
V  [jvm.dll+0x3b2a5f]
V  [jvm.dll+0x3b4e81]
C  [jli.dll+0x5213]
C  [ucrtbase.dll+0x20e72]
C  [KERNEL32.DLL+0x17bd4]
C  [ntdll.dll+0x6ced1]


---------------  P R O C E S S  ---------------

Threads class SMR info:
_java_thread_list=0x0000023b6e601f10, length=0, elements={
}

Java Threads: ( => current thread )

Other Threads:
  0x0000023b6e72a000 GCTaskThread "GC Thread#0" [stack: 0x000000b14a200000,0x000000b14a300000] [id=16876]
  0x0000023b6e73a800 ConcurrentGCThread "G1 Main Marker" [stack: 0x000000b14a300000,0x000000b14a400000] [id=19792]
  0x0000023b6e73d800 ConcurrentGCThread "G1 Conc#0" [stack: 0x000000b14a400000,0x000000b14a500000] [id=20176]

[error occurred during error reporting (printing all threads), id 0xc0000005, EXCEPTION_ACCESS_VIOLATION (0xc0000005) at pc=0x00007ffa5a672f67]

VM state:not at safepoint (not fully initialized)

VM Mutex/Monitor currently owned by a thread:  ([mutex/lock_event])
[0x0000023b6e710c40] Heap_lock - owner thread: 0x0000023b6e713800

Heap address: 0x00000000e0000000, size: 512 MB, Compressed Oops mode: Non-zero based: 0x00000000e0000000
Narrow klass base: 0x0000000000000000, Narrow klass shift: 0

GC Heap History (0 events):
No events

Deoptimization events (0 events):
No events

Classes redefined (0 events):
No events

Internal exceptions (0 events):
No events

Events (0 events):
No events


Dynamic libraries:
0x00007ff61f260000 - 0x00007ff61f26f000 	C:\Program Files\Java\jdk-11.0.8\bin\java.exe
0x00007ffa88360000 - 0x00007ffa88550000 	C:\WINDOWS\SYSTEM32\ntdll.dll
0x00007ffa86f70000 - 0x00007ffa87022000 	C:\WINDOWS\System32\KERNEL32.DLL
0x00007ffa85710000 - 0x00007ffa859b3000 	C:\WINDOWS\System32\KERNELBASE.dll
0x00007ffa85350000 - 0x00007ffa8544a000 	C:\WINDOWS\System32\ucrtbase.dll
0x00007ffa78d30000 - 0x00007ffa78d48000 	C:\Program Files\Java\jdk-11.0.8\bin\jli.dll
0x00007ffa864d0000 - 0x00007ffa86573000 	C:\WINDOWS\System32\ADVAPI32.dll
0x00007ffa865f0000 - 0x00007ffa8668e000 	C:\WINDOWS\System32\msvcrt.dll
0x00007ffa881d0000 - 0x00007ffa88267000 	C:\WINDOWS\System32\sechost.dll
0x00007ffa87030000 - 0x00007ffa87150000 	C:\WINDOWS\System32\RPCRT4.dll
0x00007ffa86dc0000 - 0x00007ffa86f54000 	C:\WINDOWS\System32\USER32.dll
0x00007ffa85660000 - 0x00007ffa85681000 	C:\WINDOWS\System32\win32u.dll
0x00007ffa87390000 - 0x00007ffa873b6000 	C:\WINDOWS\System32\GDI32.dll
0x00007ffa861c0000 - 0x00007ffa86354000 	C:\WINDOWS\System32\gdi32full.dll
0x00007ffa855c0000 - 0x00007ffa8565e000 	C:\WINDOWS\System32\msvcp_win.dll
0x00007ffa71d60000 - 0x00007ffa71fe5000 	C:\WINDOWS\WinSxS\amd64_microsoft.windows.common-controls_6595b64144ccf1df_6.0.18362.535_none_e6c3b34713100821\COMCTL32.dll
0x00007ffa876c0000 - 0x00007ffa879f6000 	C:\WINDOWS\System32\combase.dll
0x00007ffa85690000 - 0x00007ffa85710000 	C:\WINDOWS\System32\bcryptPrimitives.dll
0x00007ffa77e80000 - 0x00007ffa77e8a000 	C:\WINDOWS\SYSTEM32\VERSION.dll
0x00007ffa75d30000 - 0x00007ffa75d45000 	C:\Program Files\Java\jdk-11.0.8\bin\VCRUNTIME140.dll
0x00007ffa86900000 - 0x00007ffa8692e000 	C:\WINDOWS\System32\IMM32.DLL
0x00007ffa5f8b0000 - 0x00007ffa5f94b000 	C:\Program Files\Java\jdk-11.0.8\bin\msvcp140.dll
0x00007ffa5a390000 - 0x00007ffa5ae76000 	C:\Program Files\Java\jdk-11.0.8\bin\server\jvm.dll
0x00007ffa86690000 - 0x00007ffa86698000 	C:\WINDOWS\System32\PSAPI.DLL
0x00007ffa6d620000 - 0x00007ffa6d629000 	C:\WINDOWS\SYSTEM32\WSOCK32.dll
0x00007ffa87150000 - 0x00007ffa871bf000 	C:\WINDOWS\System32\WS2_32.dll
0x00007ffa816b0000 - 0x00007ffa816d4000 	C:\WINDOWS\SYSTEM32\WINMM.dll
0x00007ffa81680000 - 0x00007ffa816ad000 	C:\WINDOWS\SYSTEM32\WINMMBASE.dll
0x00007ffa86170000 - 0x00007ffa861ba000 	C:\WINDOWS\System32\cfgmgr32.dll
0x00007ffa85260000 - 0x00007ffa85271000 	C:\WINDOWS\System32\kernel.appcore.dll
0x00007ffa7f890000 - 0x00007ffa7f8a0000 	C:\Program Files\Java\jdk-11.0.8\bin\verify.dll
0x00007ffa83c20000 - 0x00007ffa83e14000 	C:\WINDOWS\SYSTEM32\DBGHELP.DLL
0x00007ffa79650000 - 0x00007ffa7967a000 	C:\WINDOWS\SYSTEM32\dbgcore.DLL
0x00007ffa75570000 - 0x00007ffa75598000 	C:\Program Files\Java\jdk-11.0.8\bin\java.dll
0x00007ffa7f760000 - 0x00007ffa7f76a000 	C:\Program Files\Java\jdk-11.0.8\bin\jimage.dll
0x00007ffa66fc0000 - 0x00007ffa66fd6000 	C:\Program Files\Java\jdk-11.0.8\bin\zip.dll

dbghelp: loaded successfully - version: 4.0.5 - missing functions: none
symbol engine: initialized successfully - sym options: 0x614 - pdb path: .;C:\Program Files\Java\jdk-11.0.8\bin;C:\WINDOWS\SYSTEM32;C:\WINDOWS\WinSxS\amd64_microsoft.windows.common-controls_6595b64144ccf1df_6.0.18362.535_none_e6c3b34713100821;C:\Program Files\Java\jdk-11.0.8\bin\server

VM Arguments:
jvm_args: -Dorg.gradle.native=false -Xmx512m -Dfile.encoding=x-windows-949 -Duser.country=KR -Duser.language=ko -Duser.variant -ea 
java_command: worker.org.gradle.process.internal.worker.GradleWorkerMain 'Gradle Test Executor 2'
java_class_path (initial): C:\\Users\\sec\\.gradle\\caches\\6.6.1\\workerMain\\gradle-worker.jar;D:\\mesttest\\build\\classes\\java\\test;D:\\mesttest\\build\\resources\\test;D:\\mesttest\\build\\classes\\java\\main;D:\\mesttest\\build\\resources\\main;C:\\Users\\sec\\.gradle\\caches\\modules-2\\files-2.1\\mysql\\mysql-connector-java\\8.0.17\\53da6afdc5f7b45caaa5bc3627028b2041a36cee\\mysql-connector-java-8.0.17.jar;C:\\Users\\sec\\.gradle\\caches\\modules-2\\files-2.1\\org.springframework.boot\\spring-boot-starter-data-jpa\\2.1.7.RELEASE\\5e4a5d5442f32f5e12b36674a620ec57b0b66c6e\\spring-boot-starter-data-jpa-2.1.7.RELEASE.jar;C:\\Users\\sec\\.gradle\\caches\\modules-2\\files-2.1\\org.springframework.boot\\spring-boot-starter-mustache\\2.1.7.RELEASE\\c52b1725d81a61eac91af3196a65c17adef75357\\spring-boot-starter-mustache-2.1.7.RELEASE.jar;C:\\Users\\sec\\.gradle\\caches\\modules-2\\files-2.1\\org.springframework.boot\\spring-boot-starter-web\\2.1.7.RELEASE\\fa43baf40bde3ecdb93ac9c545dd39f82ab29c35\\spring-boot-starter-web-2.1.7.RELEASE.jar;C:\\Users\\sec\\.gradle\\caches\\modules-2\\files-2.1\\com.h2database\\h2\\1.4.199\\7bf08152984ed8859740ae3f97fae6c72771ae45\\h2-1.4.199.jar;C:\\Users\\sec\\.gradle\\caches\\modules-2\\files-2.1\\org.springframework.boot\\spring-boot-starter-test\\2.1.7.RELEASE\\39e82379a28c217ab892eb00ef601dc0571f56a4\\spring-boot-starter-test-2.1.7.RELEASE.jar;C:\\Users\\sec\\.gradle\\caches\\modules-2\\files-2.1\\org.springframework.boot\\spring-boot-starter-aop\\2.1.7.RELEASE\\4577d056af1f823bb7730c99f43c3268dd697310\\spring-boot-starter-aop-2.1.7.RELEASE.jar;C:\\Users\\sec\\.gradle\\caches\\modules-2\\files-2.1\\org.springframework.boot\\spring-boot-starter-jdbc\\2.1.7.RELEASE\\3ea97a134b44a886ff529215e7bec04bfd93fa5b\\spring-boot-starter-jdbc-2.1.7.RELEASE.jar;C:\\Users\\sec\\.gradle\\caches\\modules-2\\files-2.1\\javax.transaction\\javax.transaction-api\\1.3\\e006adf5cf3cca2181d16bd640ecb80148ec0fce\\javax.transaction-api-1.3.jar;C:\\Users\
Launcher Type: SUN_STANDARD

[Global flags]
     intx CICompilerCount                          = 3                                         {product} {ergonomic}
     uint ConcGCThreads                            = 1                                         {product} {ergonomic}
     uint G1ConcRefinementThreads                  = 4                                         {product} {ergonomic}
   size_t G1HeapRegionSize                         = 1048576                                   {product} {ergonomic}
    uintx GCDrainStackTargetSize                   = 64                                        {product} {ergonomic}
   size_t InitialHeapSize                          = 134217728                                 {product} {ergonomic}
   size_t MarkStackSize                            = 4194304                                   {product} {ergonomic}
   size_t MaxHeapSize                              = 536870912                                 {product} {command line}
   size_t MinHeapDeltaBytes                        = 1048576                                   {product} {ergonomic}
    uintx NonNMethodCodeHeapSize                   = 5830732                                {pd product} {ergonomic}
    uintx NonProfiledCodeHeapSize                  = 122913754                              {pd product} {ergonomic}
    uintx ProfiledCodeHeapSize                     = 122913754                              {pd product} {ergonomic}
    uintx ReservedCodeCacheSize                    = 251658240                              {pd product} {ergonomic}
     bool SegmentedCodeCache                       = true                                      {product} {ergonomic}
     bool UseCompressedClassPointers               = true                                 {lp64_product} {ergonomic}
     bool UseCompressedOops                        = true                                 {lp64_product} {ergonomic}
     bool UseG1GC                                  = true                                      {product} {ergonomic}
     bool UseLargePagesIndividualAllocation        = false                                  {pd product} {ergonomic}

Logging:
Log output configuration:
 #0: stdout all=warning uptime,level,tags
 #1: stderr all=off uptime,level,tags

Environment Variables:
JAVA_HOME=C:\Program Files\Java\jdk-11.0.8
CLASSPATH=D:\mesttest\\gradle\wrapper\gradle-wrapper.jar
PATH=D:\app\wonkyun\product\11.2.0\dbhome_1\bin;C:\Program Files (x86)\Intel\iCLS Client\;D:\app\sec\product\11.2.0\dbhome_1\bin;C:\Program Files (x86)\Common Files\Oracle\Java\javapath;C:\Program Files\Intel\iCLS Client\;C:\WINDOWS\system32;C:\WINDOWS;C:\WINDOWS\System32\Wbem;C:\WINDOWS\System32\WindowsPowerShell\v1.0\;C:\Program Files\dotnet\;C:\Program Files\Microsoft SQL Server\130\Tools\Binn\;C:\WINDOWS\System32\OpenSSH\;C:\Program Files\Intel\WiFi\bin\;C:\Program Files\Common Files\Intel\WirelessCommon\;C:\Program Files (x86)\Intel\Intel(R) Management Engine Components\DAL;C:\Program Files\Intel\Intel(R) Management Engine Components\DAL;C:\Program Files (x86)\Intel\Intel(R) Management Engine Components\IPT;C:\Program Files\Intel\Intel(R) Management Engine Components\IPT;C:\Program Files\Git\cmd;C:\Program Files\Microsoft SQL Server\Client SDK\ODBC\170\Tools\Binn\;C:\Program Files\nodejs\;C:\Program Files (x86)\Yarn\bin\;D:\files\ideaIU-2020.2.1.win\bin;D:\files\jdk-11.0.8_windows-x64_bin\jdk-11.0.8\bin;C:\Program Files\Java\jdk-11.0.8\bin;D:\files\apache-maven-3.6.3-bin\apache-maven-3.6.3\bin;C:\Program Files\PuTTY\;C:\Users\sec\AppData\Local\Microsoft\WindowsApps;C:\Program Files\Bandizip\;C:\Program Files\JetBrains\IntelliJ IDEA 2019.1.1\bin;C:\Program Files\JetBrains\PyCharm Community Edition 2019.2\bin;C:\Users\sec\AppData\Local\Microsoft\WindowsApps;C:\Users\sec\AppData\Local\Programs\Microsoft VS Code\bin;D:\oss\apache-maven-3.6.2-bin\apache-maven-3.6.2\bin;C:\Users\sec\.dotnet\tools;C:\Users\sec\AppData\Roaming\npm;C:\Users\sec\AppData\Local\Yarn\bin
USERNAME=wonkyun
OS=Windows_NT
PROCESSOR_IDENTIFIER=Intel64 Family 6 Model 78 Stepping 3, GenuineIntel



---------------  S Y S T E M  ---------------

OS: Windows 10 , 64 bit Build 18362 (10.0.18362.329)

CPU:total 4 (initial active 4) (2 cores per cpu, 2 threads per core) family 6 model 78 stepping 3, cmov, cx8, fxsr, mmx, sse, sse2, sse3, ssse3, sse4.1, sse4.2, popcnt, avx, avx2, aes, clmul, erms, 3dnowpref, lzcnt, ht, tsc, tscinvbit, bmi1, bmi2, adx, fma

Memory: 4k page, system-wide physical 8106M (510M free)
TotalPageFile size 18106M (AvailPageFile size 82M)
current process WorkingSet (physical memory assigned to process): 9M, peak: 9M
current process commit charge ("private bytes"): 51M, peak: 179M

vm_info: Java HotSpot(TM) 64-Bit Server VM (11.0.8+10-LTS) for windows-amd64 JRE (11.0.8+10-LTS), built on Jun 16 2020 05:53:08 by "mach5one" with unknown MS VC++:1916

END.
